<?xml version="1.0" encoding="UTF-8"?>
<!--
  ~ Copyright 2021 Erlend Klakegg Bergheim
  ~
  ~ Licensed under the Apache License, Version 2.0 (the "License");
  ~ you may not use this file except in compliance with the License.
  ~ You may obtain a copy of the License at
  ~
  ~     http://www.apache.org/licenses/LICENSE-2.0
  ~
  ~ Unless required by applicable law or agreed to in writing, software
  ~ distributed under the License is distributed on an "AS IS" BASIS,
  ~ WITHOUT WARRANTIES OR CONDITIONS OF ANY KIND, either express or implied.
  ~ See the License for the specific language governing permissions and
  ~ limitations under the License.
  -->

<testSet xmlns="http://difi.no/xsd/vefa/validator/1.0" configuration="ehf-t10-base-2.0">
    <assert>
        <scope>TEST-R003</scope>
    </assert>
    <test>
        <assert>
            <description>Verify date is present.</description>
            <success>TEST-R003</success>
        </assert>

        <Document xmlns="test">
            <Date/>
        </Document>
    </test>
    <test id="failed">
        <assert>
            <description>Verify date is present.</description>
            <error number="1">TEST-R003</error>
        </assert>

        <Document xmlns="test">
            <!-- <Date/> -->
        </Document>
    </test>
</testSet>